[2025-12-08T08:40:05.161118] Starting batch test on 25 instances...
Instance	Status	Failure Type	Details
--------------------------------------------------------------------------------
0	FAIL	TEST_FAILURE	NodeBB/NodeBB
  1/25
1	FAIL	TEST_FAILURE	qutebrowser/qutebrowser
  2/25
2	FAIL	TEST_FAILURE	NodeBB/NodeBB
  3/25
3	FAIL	TEST_FAILURE	qutebrowser/qutebrowser
  4/25
4	PASS	N/A	ansible/ansible
  5/25
10	PASS	N/A	internetarchive/openlibrary
  6/25
11	FAIL	TEST_FAILURE	ansible/ansible
  7/25
12	FAIL	UNKNOWN	gravitational/teleport
  8/25
13	FAIL	TEST_FAILURE	qutebrowser/qutebrowser
  9/25
14	FAIL	TEST_FAILURE	element-hq/element-web
  10/25
20	FAIL	UNKNOWN	gravitational/teleport
  11/25
21	PASS	N/A	internetarchive/openlibrary
  12/25
22	FAIL	UNKNOWN	navidrome/navidrome
  13/25
23	PASS	N/A	internetarchive/openlibrary
  14/25
24	FAIL	TEST_FAILURE	element-hq/element-web
  15/25
30	FAIL	UNKNOWN	gravitational/teleport
  16/25
31	FAIL	TEST_FAILURE	NodeBB/NodeBB
  17/25
32	FAIL	UNKNOWN	navidrome/navidrome
  18/25
33	FAIL	UNKNOWN	future-architect/vuls
  19/25
34	FAIL	UNKNOWN	flipt-io/flipt
  20/25
50	FAIL	UNKNOWN	future-architect/vuls
  21/25
51	FAIL	TEST_FAILURE	element-hq/element-web
  22/25
52	FAIL	TEST_FAILURE	ansible/ansible
  23/25
53	FAIL	UNKNOWN	protonmail/webclients
  24/25
54	PASS	N/A	ansible/ansible
  25/25

================================================================================
SUMMARY: 5/25 PASS (20.0%)
================================================================================

Failure Breakdown:
  TEST_FAILURE: 11 instances
  UNKNOWN: 9 instances

Detailed results saved to: /home/user/evome/batch_test_results.json
